2026-01-04 17:51:42 - INFO - --- INICIO DE SESIÓN DEL BOT ---
2026-01-04 17:53:20 - INFO - --- INICIO DE SESIÓN DEL BOT ---
2026-01-04 17:53:20 - INFO - 📂 Se cargaron 3 productos desde products.csv
2026-01-04 17:53:21 - ERROR - SCRAPE ERROR: url | Motivo: Page.goto: Protocol error (Page.navigate): Cannot navigate to invalid URL
Call log:
  - navigating to "url", waiting until "domcontentloaded"

2026-01-04 17:53:22 - INFO - SCRAPE OK: $1749999 | Apple iPhone 16 (256 GB) - Bla...
2026-01-04 17:53:24 - INFO - SCRAPE OK: $1749999 | Apple iPhone 15 Plus (256 GB) ...
2026-01-04 17:53:24 - INFO - Procesados 2 productos exitosamente.
2026-01-04 17:53:27 - INFO - CLOUD SYNC: 2 filas subidas correctamente.
2026-01-04 17:53:27 - INFO - --- FIN DE SESIÓN DEL BOT ---

2026-01-04 17:53:44 - INFO - --- INICIO DE SESIÓN DEL BOT ---
2026-01-04 17:53:44 - INFO - 📂 Se cargaron 2 productos desde products.csv
2026-01-04 17:53:45 - INFO - SCRAPE OK: $1749999 | Apple iPhone 15 Plus (256 GB) ...
2026-01-04 17:53:46 - INFO - SCRAPE OK: $1749999 | Apple iPhone 16 (256 GB) - Bla...
2026-01-04 17:53:46 - INFO - Procesados 2 productos exitosamente.
2026-01-04 17:53:49 - INFO - CLOUD SYNC: 2 filas subidas correctamente.
2026-01-04 17:53:49 - INFO - --- FIN DE SESIÓN DEL BOT ---

2026-01-04 17:59:41 - INFO - --- INICIO DE SESIÓN DEL BOT ---
2026-01-04 17:59:41 - INFO - 📂 Se cargaron 2 productos desde products.csv
2026-01-04 17:59:43 - INFO - SCRAPE OK: $1749999 | Apple iPhone 15 Plus (256 GB) ...
2026-01-04 17:59:44 - INFO - SCRAPE OK: $1749999 | Apple iPhone 16 (256 GB) - Bla...
2026-01-04 17:59:59 - INFO - --- INICIO DE SESIÓN DEL BOT ---
2026-01-04 17:59:59 - INFO - 📂 Se cargaron 2 productos desde products.csv
2026-01-04 18:00:01 - INFO - SCRAPE OK: $1749999 | Apple iPhone 15 Plus (256 GB) ...
2026-01-04 18:00:02 - INFO - SCRAPE OK: $1749999 | Apple iPhone 16 (256 GB) - Bla...
2026-01-04 18:00:02 - INFO - HISTORIAL: Datos guardados en data/history.csv
2026-01-04 18:00:02 - INFO - Procesados 2 productos exitosamente.
2026-01-04 18:00:06 - INFO - CLOUD SYNC: 2 filas subidas correctamente.
2026-01-04 18:00:06 - INFO - --- FIN DE SESIÓN DEL BOT ---

